<?xml version="1.0" encoding="UTF-8"?>
<TestRun id="1a78adb5-4d7c-47a5-9139-4c871ac0fa39" name="Administrator@YX-ZY 2012-06-28 17:13:43" runUser="YX-ZY\Administrator" xmlns="http://microsoft.com/schemas/VisualStudio/TeamTest/2010">
  <TestSettings name="Local" id="95413448-3b53-4bcb-acb4-edf3f6f6947e">
    <Description>These are default test settings for a local test run.</Description>
    <Deployment enabled="false" runDeploymentRoot="Administrator_YX-ZY 2012-06-28 17_13_43">
      <DeploymentItem filename="F:\code\vcms\src\vuuvv.data\bin\Debug\vuuvv.data.dll" />
      <DeploymentItem filename="F:\code\vcms\src\packages\System.Data.SQLite.1.0.81.0\lib\net20\System.Data.SQLite.Linq.dll" />
      <DeploymentItem filename="F:\code\vcms\src\packages\System.Data.SQLite.1.0.81.0\lib\net20\System.Data.SQLite.dll" />
    </Deployment>
    <Execution>
      <TestTypeSpecific />
      <AgentRule name="Execution Agents">
      </AgentRule>
    </Execution>
  </TestSettings>
  <Times creation="2012-06-28T17:13:43.5781250+08:00" queuing="2012-06-28T17:13:43.8281250+08:00" start="2012-06-28T17:13:43.8906250+08:00" finish="2012-06-28T17:13:44.3281250+08:00" />
  <ResultSummary outcome="Failed">
    <Counters total="1" executed="1" error="0" failed="1" timeout="0" aborted="0" inconclusive="0" passedButRunAborted="0" notRunnable="0" notExecuted="0" disconnected="0" warning="0" passed="0" completed="0" inProgress="0" pending="0" />
  </ResultSummary>
  <TestDefinitions>
    <UnitTest name="CreateTableConstructorTest" storage="f:\code\vcms\src\vuuvv.test\bin\debug\vuuvv.test.dll" id="86664ba7-9b00-6cc3-53cc-c2a8c2113499">
      <Execution id="9bb32554-7bdf-4400-b138-81c1133a56d5" />
      <TestMethod codeBase="F:/code/vcms/src/vuuvv.test/bin/Debug/vuuvv.test.DLL" adapterTypeName="Microsoft.VisualStudio.TestTools.TestTypes.Unit.UnitTestAdapter, Microsoft.VisualStudio.QualityTools.Tips.UnitTest.Adapter, Version=10.0.0.0, Culture=neutral, PublicKeyToken=b03f5f7f11d50a3a" className="vuuvv.test.CreateTableTest, vuuvv.test, Version=1.0.0.0, Culture=neutral, PublicKeyToken=null" name="CreateTableConstructorTest" />
    </UnitTest>
  </TestDefinitions>
  <TestLists>
    <TestList name="Results Not in a List" id="8c84fa94-04c1-424b-9868-57a2d4851a1d" />
    <TestList name="All Loaded Results" id="19431567-8539-422a-85d7-44ee4e166bda" />
  </TestLists>
  <TestEntries>
    <TestEntry testId="86664ba7-9b00-6cc3-53cc-c2a8c2113499" executionId="9bb32554-7bdf-4400-b138-81c1133a56d5" testListId="8c84fa94-04c1-424b-9868-57a2d4851a1d" />
  </TestEntries>
  <Results>
    <UnitTestResult executionId="9bb32554-7bdf-4400-b138-81c1133a56d5" testId="86664ba7-9b00-6cc3-53cc-c2a8c2113499" testName="CreateTableConstructorTest" computerName="YX-ZY" duration="00:00:00.0635819" startTime="2012-06-28T17:13:43.9062500+08:00" endTime="2012-06-28T17:13:44.2968750+08:00" testType="13cdc9d9-ddb5-4fa4-a97d-d965ccfc6d4b" outcome="Failed" testListId="8c84fa94-04c1-424b-9868-57a2d4851a1d" relativeResultsDirectory="9bb32554-7bdf-4400-b138-81c1133a56d5">
      <Output>
        <StdOut>CREATE TABLE {0} (
{1}
)</StdOut>
        <ErrorInfo>
          <Message>Assert.AreEqual failed. Expected:&lt;&gt;. Actual:&lt;
CREATE TABLE {0} (
{1}
)&gt;. </Message>
          <StackTrace>   在 vuuvv.test.CreateTableTest.CreateTableConstructorTest() 位置 F:\code\vcms\src\vuuvv.test\CreateTableTest.cs:行号 83
</StackTrace>
        </ErrorInfo>
      </Output>
    </UnitTestResult>
  </Results>
</TestRun>