<?xml version="1.0" encoding="UTF-8"?>
<TestRun id="e8c34d50-cfb0-4e79-b4f0-20e1a81d5fe5" name="Administrator@YX-ZY 2012-06-28 17:12:11" runUser="YX-ZY\Administrator" xmlns="http://microsoft.com/schemas/VisualStudio/TeamTest/2010">
  <TestSettings name="Local" id="95413448-3b53-4bcb-acb4-edf3f6f6947e">
    <Description>These are default test settings for a local test run.</Description>
    <Deployment enabled="false" runDeploymentRoot="Administrator_YX-ZY 2012-06-28 17_12_11">
      <DeploymentItem filename="F:\code\vcms\src\vuuvv.data\bin\Debug\vuuvv.data.dll" />
      <DeploymentItem filename="F:\code\vcms\src\packages\System.Data.SQLite.1.0.81.0\lib\net20\System.Data.SQLite.Linq.dll" />
      <DeploymentItem filename="F:\code\vcms\src\packages\System.Data.SQLite.1.0.81.0\lib\net20\System.Data.SQLite.dll" />
    </Deployment>
    <Execution>
      <TestTypeSpecific />
      <AgentRule name="Execution Agents">
      </AgentRule>
    </Execution>
  </TestSettings>
  <Times creation="2012-06-28T17:12:11.6718750+08:00" queuing="2012-06-28T17:12:13.0625000+08:00" start="2012-06-28T17:12:13.2187500+08:00" finish="2012-06-28T17:12:58.5312500+08:00" />
  <ResultSummary outcome="Failed">
    <Counters total="1" executed="1" error="0" failed="1" timeout="0" aborted="0" inconclusive="0" passedButRunAborted="0" notRunnable="0" notExecuted="0" disconnected="0" warning="0" passed="0" completed="0" inProgress="0" pending="0" />
  </ResultSummary>
  <TestDefinitions>
    <UnitTest name="CreateTableConstructorTest" storage="f:\code\vcms\src\vuuvv.test\bin\debug\vuuvv.test.dll" id="86664ba7-9b00-6cc3-53cc-c2a8c2113499">
      <Execution id="23aa7895-8856-458b-a59b-0bb79bad547a" />
      <TestMethod codeBase="F:/code/vcms/src/vuuvv.test/bin/Debug/vuuvv.test.DLL" adapterTypeName="Microsoft.VisualStudio.TestTools.TestTypes.Unit.UnitTestAdapter, Microsoft.VisualStudio.QualityTools.Tips.UnitTest.Adapter, Version=10.0.0.0, Culture=neutral, PublicKeyToken=b03f5f7f11d50a3a" className="vuuvv.test.CreateTableTest, vuuvv.test, Version=1.0.0.0, Culture=neutral, PublicKeyToken=null" name="CreateTableConstructorTest" />
    </UnitTest>
  </TestDefinitions>
  <TestLists>
    <TestList name="Results Not in a List" id="8c84fa94-04c1-424b-9868-57a2d4851a1d" />
    <TestList name="All Loaded Results" id="19431567-8539-422a-85d7-44ee4e166bda" />
  </TestLists>
  <TestEntries>
    <TestEntry testId="86664ba7-9b00-6cc3-53cc-c2a8c2113499" executionId="23aa7895-8856-458b-a59b-0bb79bad547a" testListId="8c84fa94-04c1-424b-9868-57a2d4851a1d" />
  </TestEntries>
  <Results>
    <UnitTestResult executionId="23aa7895-8856-458b-a59b-0bb79bad547a" testId="86664ba7-9b00-6cc3-53cc-c2a8c2113499" testName="CreateTableConstructorTest" computerName="YX-ZY" duration="00:00:44.2860856" startTime="2012-06-28T17:12:13.3437500+08:00" endTime="2012-06-28T17:12:58.4531250+08:00" testType="13cdc9d9-ddb5-4fa4-a97d-d965ccfc6d4b" outcome="Failed" testListId="8c84fa94-04c1-424b-9868-57a2d4851a1d" relativeResultsDirectory="23aa7895-8856-458b-a59b-0bb79bad547a">
      <Output>
        <StdOut>CREATE TABLE {0} (
{1}
)</StdOut>
        <ErrorInfo>
          <Message>Assert.AreEqual failed. Expected:&lt;&gt;. Actual:&lt;
CREATE TABLE {0} (
{1}
)&gt;. </Message>
          <StackTrace>   在 vuuvv.test.CreateTableTest.CreateTableConstructorTest() 位置 F:\code\vcms\src\vuuvv.test\CreateTableTest.cs:行号 83
</StackTrace>
        </ErrorInfo>
      </Output>
    </UnitTestResult>
  </Results>
</TestRun>